<?xml version="1.0" encoding="UTF-8"?>
<!-- Generated by org.testng.reporters.JUnitXMLReporter -->
<testsuite ignored="0" hostname="LAPTOP-N0NMLPFO" failures="0" tests="6" name="Command line test" time="0.038" errors="0" timestamp="2020-10-14T21:31:58 IST">
  <testcase classname="umbrellaproject.Mavenjava.AppiumTest" name="IOSApps" time="0.005"/>
  <testcase classname="umbrellaproject.Mavenjava.AppiumTest" name="nativeAppAndroid" time="0.001"/>
  <testcase classname="umbrellaproject.Mavenjava.RestAPITest" name="deleteTwitter" time="0.0"/>
  <testcase classname="umbrellaproject.Mavenjava.RestAPITest" name="postJira" time="0.001"/>
  <testcase classname="umbrellaproject.Mavenjava.SeleniumTest" name="BrowserAutomation" time="0.0"/>
  <testcase classname="umbrellaproject.Mavenjava.SeleniumTest" name="elementsUI" time="0.0"/>
</testsuite> <!-- Command line test -->
