<?xml version="1.0" encoding="UTF-8"?>
<testng-results ignored="0" total="6" passed="6" failed="0" skipped="0">
  <reporter-output>
  </reporter-output>
  <suite started-at="2020-10-12T22:36:30 IST" name="Surefire suite" finished-at="2020-10-12T22:36:30 IST" duration-ms="32">
    <groups>
    </groups>
    <test started-at="2020-10-12T22:36:30 IST" name="Surefire test" finished-at="2020-10-12T22:36:30 IST" duration-ms="32">
      <class name="umbrellaproject.Mavenjava.AppiumTest">
        <test-method signature="IOSApps()[pri:0, instance:umbrellaproject.Mavenjava.AppiumTest@3c0a50da]" started-at="2020-10-12T22:36:30 IST" name="IOSApps" finished-at="2020-10-12T22:36:30 IST" duration-ms="2" status="PASS">
          <reporter-output>
          </reporter-output>
        </test-method> <!-- IOSApps -->
        <test-method signature="nativeAppAndroid()[pri:0, instance:umbrellaproject.Mavenjava.AppiumTest@3c0a50da]" started-at="2020-10-12T22:36:30 IST" name="nativeAppAndroid" finished-at="2020-10-12T22:36:30 IST" duration-ms="0" status="PASS">
          <reporter-output>
          </reporter-output>
        </test-method> <!-- nativeAppAndroid -->
      </class> <!-- umbrellaproject.Mavenjava.AppiumTest -->
      <class name="umbrellaproject.Mavenjava.SeleniumTest">
        <test-method signature="BrowserAutomation()[pri:0, instance:umbrellaproject.Mavenjava.SeleniumTest@797badd3]" started-at="2020-10-12T22:36:30 IST" name="BrowserAutomation" finished-at="2020-10-12T22:36:30 IST" duration-ms="0" status="PASS">
          <reporter-output>
          </reporter-output>
        </test-method> <!-- BrowserAutomation -->
        <test-method signature="elementsUI()[pri:0, instance:umbrellaproject.Mavenjava.SeleniumTest@797badd3]" started-at="2020-10-12T22:36:30 IST" name="elementsUI" finished-at="2020-10-12T22:36:30 IST" duration-ms="0" status="PASS">
          <reporter-output>
          </reporter-output>
        </test-method> <!-- elementsUI -->
      </class> <!-- umbrellaproject.Mavenjava.SeleniumTest -->
      <class name="umbrellaproject.Mavenjava.RestAPITest">
        <test-method signature="deleteTwitter()[pri:0, instance:umbrellaproject.Mavenjava.RestAPITest@646be2c3]" started-at="2020-10-12T22:36:30 IST" name="deleteTwitter" finished-at="2020-10-12T22:36:30 IST" duration-ms="1" status="PASS">
          <reporter-output>
          </reporter-output>
        </test-method> <!-- deleteTwitter -->
        <test-method signature="postJira()[pri:0, instance:umbrellaproject.Mavenjava.RestAPITest@646be2c3]" started-at="2020-10-12T22:36:30 IST" name="postJira" finished-at="2020-10-12T22:36:30 IST" duration-ms="0" status="PASS">
          <reporter-output>
          </reporter-output>
        </test-method> <!-- postJira -->
      </class> <!-- umbrellaproject.Mavenjava.RestAPITest -->
    </test> <!-- Surefire test -->
  </suite> <!-- Surefire suite -->
</testng-results>
