<?xml version="1.0" encoding="UTF-8"?>
<testng-results ignored="0" total="6" passed="6" failed="0" skipped="0">
  <reporter-output>
  </reporter-output>
  <suite started-at="2020-10-14T21:35:57 IST" name="Suite" finished-at="2020-10-14T21:35:58 IST" duration-ms="41">
    <groups>
    </groups>
    <test started-at="2020-10-14T21:35:57 IST" name="Test" finished-at="2020-10-14T21:35:58 IST" duration-ms="41">
      <class name="umbrellaproject.Mavenjava.AppiumTest">
        <test-method signature="IOSApps()[pri:0, instance:umbrellaproject.Mavenjava.AppiumTest@60611244]" started-at="2020-10-14T21:35:58 IST" name="IOSApps" finished-at="2020-10-14T21:35:58 IST" duration-ms="3" status="PASS">
          <reporter-output>
          </reporter-output>
        </test-method> <!-- IOSApps -->
        <test-method signature="nativeAppAndroid()[pri:0, instance:umbrellaproject.Mavenjava.AppiumTest@60611244]" started-at="2020-10-14T21:35:58 IST" name="nativeAppAndroid" finished-at="2020-10-14T21:35:58 IST" duration-ms="0" status="PASS">
          <reporter-output>
          </reporter-output>
        </test-method> <!-- nativeAppAndroid -->
      </class> <!-- umbrellaproject.Mavenjava.AppiumTest -->
      <class name="umbrellaproject.Mavenjava.SeleniumTest">
        <test-method signature="BrowserAutomation()[pri:0, instance:umbrellaproject.Mavenjava.SeleniumTest@3745e5c6]" started-at="2020-10-14T21:35:58 IST" name="BrowserAutomation" finished-at="2020-10-14T21:35:58 IST" duration-ms="0" status="PASS">
          <reporter-output>
          </reporter-output>
        </test-method> <!-- BrowserAutomation -->
        <test-method signature="elementsUI()[pri:0, instance:umbrellaproject.Mavenjava.SeleniumTest@3745e5c6]" started-at="2020-10-14T21:35:58 IST" name="elementsUI" finished-at="2020-10-14T21:35:58 IST" duration-ms="0" status="PASS">
          <reporter-output>
          </reporter-output>
        </test-method> <!-- elementsUI -->
      </class> <!-- umbrellaproject.Mavenjava.SeleniumTest -->
      <class name="umbrellaproject.Mavenjava.RestAPITest">
        <test-method signature="deleteTwitter()[pri:0, instance:umbrellaproject.Mavenjava.RestAPITest@5e4c8041]" started-at="2020-10-14T21:35:58 IST" name="deleteTwitter" finished-at="2020-10-14T21:35:58 IST" duration-ms="1" status="PASS">
          <reporter-output>
          </reporter-output>
        </test-method> <!-- deleteTwitter -->
        <test-method signature="postJira()[pri:0, instance:umbrellaproject.Mavenjava.RestAPITest@5e4c8041]" started-at="2020-10-14T21:35:58 IST" name="postJira" finished-at="2020-10-14T21:35:58 IST" duration-ms="0" status="PASS">
          <reporter-output>
          </reporter-output>
        </test-method> <!-- postJira -->
      </class> <!-- umbrellaproject.Mavenjava.RestAPITest -->
    </test> <!-- Test -->
  </suite> <!-- Suite -->
</testng-results>
